# 技术总监操作日志

## 2026-04-08

### 任务003：技术架构设计与规范

**任务状态**: [已完成]

**执行操作**:
1. 读取前置文件：
   - `D:\projects\MEMS-MCTI\shared\artifacts\ui\design-spec.md` - UI设计规范
   - `D:\projects\MEMS-MCTI\shared\artifacts\resources\product-info.md` - 产品信息

2. 制定技术架构方案，包含：
   - 技术栈选型：HTML5 + CSS3 + Vanilla ES6+ + i18n.js + EmailJS + Font Awesome 6
   - 完整的目录结构规划
   - CSS模块化设计（9个CSS文件）
   - JavaScript模块化设计（5个JS文件）
   - 8种语言支持方案（zh/en/ru/ar/uz/fa/tr/la）
   - RTL适配方案（ar/fa）
   - 分享功能实现（6个平台）
   - 表单EmailJS集成方案
   - 滚动动效实现（Intersection Observer）
   - 响应式断点设计
   - 浏览器兼容性方案
   - 性能优化建议

3. 产出文件：
   - `D:\projects\MEMS-MCTI\shared\artifacts\tech\tech-spec.md`

**技术规范文档章节**:
1. 项目概述
2. 技术栈选型
3. 架构设计
4. 目录结构
5. 代码规范
6. 多语言实现
7. 分享功能
8. 表单集成
9. 动效实现
10. 响应式设计
11. 浏览器兼容
12. 性能优化
13. 安装与运行
14. 部署说明
15. 文件清单

**后续任务**:
- task-004: 前端开发实现（依赖task-003完成）
